Copyright 1986-2018 Xilinx, Inc. All Rights Reserved.
---------------------------------------------------------------------------------------------------------------------------
| Tool Version : Vivado v.2018.2 (lin64) Build 2258646 Thu Jun 14 20:02:38 MDT 2018
| Date         : Thu Nov 22 19:10:47 2018
| Host         : thiago-Inspiron-3542 running 64-bit Linux Mint 18.3 Sylvia
| Command      : report_drc -file Mux_display_drc_routed.rpt -pb Mux_display_drc_routed.pb -rpx Mux_display_drc_routed.rpx
| Design       : Mux_display
| Device       : xc7a35tcpg236-1
| Speed File   : -1
| Design State : Routed
---------------------------------------------------------------------------------------------------------------------------

Report DRC

Table of Contents
-----------------
1. REPORT SUMMARY
2. REPORT DETAILS

1. REPORT SUMMARY
-----------------
            Netlist: netlist
          Floorplan: design_1
      Design limits: <entire design considered>
           Ruledeck: default
             Max violations: <unlimited>
             Violations found: 6
+----------+----------+-----------------------------------------------------+------------+
| Rule     | Severity | Description                                         | Violations |
+----------+----------+-----------------------------------------------------+------------+
| CFGBVS-1 | Warning  | Missing CFGBVS and CONFIG_VOLTAGE Design Properties | 1          |
| PDRC-153 | Warning  | Gated clock check                                   | 5          |
+----------+----------+-----------------------------------------------------+------------+

2. REPORT DETAILS
-----------------
CFGBVS-1#1 Warning
Missing CFGBVS and CONFIG_VOLTAGE Design Properties  
Neither the CFGBVS nor CONFIG_VOLTAGE voltage property is set in the current_design.  Configuration bank voltage select (CFGBVS) must be set to VCCO or GND, and CONFIG_VOLTAGE must be set to the correct configuration voltage, in order to determine the I/O voltage support for the pins in bank 0.  It is suggested to specify these either using the 'Edit Device Properties' function in the GUI or directly in the XDC file using the following syntax:

 set_property CFGBVS value1 [current_design]
 #where value1 is either VCCO or GND

 set_property CONFIG_VOLTAGE value2 [current_design]
 #where value2 is the voltage provided to configuration bank 0

Refer to the device configuration user guide for more information.
Related violations: <none>

PDRC-153#1 Warning
Gated clock check  
Net operador/S_reg[0]/G0 is a gated clock net sourced by a combinational pin operador/S_reg[0]/L3_2/O, cell operador/S_reg[0]/L3_2 (in operador/S_reg[0] macro). This is not good design practice and will likely impact performance. For SLICE registers, for example, use the CE pin to control the loading of data.
Related violations: <none>

PDRC-153#2 Warning
Gated clock check  
Net operador/S_reg[1]/G0 is a gated clock net sourced by a combinational pin operador/S_reg[1]/L3_2/O, cell operador/S_reg[1]/L3_2 (in operador/S_reg[1] macro). This is not good design practice and will likely impact performance. For SLICE registers, for example, use the CE pin to control the loading of data.
Related violations: <none>

PDRC-153#3 Warning
Gated clock check  
Net operador/S_reg[2]/G0 is a gated clock net sourced by a combinational pin operador/S_reg[2]/L3_2/O, cell operador/S_reg[2]/L3_2 (in operador/S_reg[2] macro). This is not good design practice and will likely impact performance. For SLICE registers, for example, use the CE pin to control the loading of data.
Related violations: <none>

PDRC-153#4 Warning
Gated clock check  
Net operador/S_reg[3]/G0 is a gated clock net sourced by a combinational pin operador/S_reg[3]/L3_2/O, cell operador/S_reg[3]/L3_2 (in operador/S_reg[3] macro). This is not good design practice and will likely impact performance. For SLICE registers, for example, use the CE pin to control the loading of data.
Related violations: <none>

PDRC-153#5 Warning
Gated clock check  
Net operador/overflow_reg[3]_i_2_n_0 is a gated clock net sourced by a combinational pin operador/overflow_reg[3]_i_2/O, cell operador/overflow_reg[3]_i_2. This is not good design practice and will likely impact performance. For SLICE registers, for example, use the CE pin to control the loading of data.
Related violations: <none>


